TN:
SF:Comment.js
FNF:0
FNH:0
DA:1,1
DA:2,1
DA:4,1
DA:29,1
LF:4
LH:4
BRF:0
BRH:0
end_of_record
TN:
SF:Follow.js
FNF:0
FNH:0
DA:1,1
DA:2,1
DA:5,1
DA:32,1
LF:4
LH:4
BRF:0
BRH:0
end_of_record
TN:
SF:Post.js
FNF:0
FNH:0
DA:1,1
DA:2,1
DA:4,1
DA:47,1
LF:4
LH:4
BRF:0
BRH:0
end_of_record
TN:
SF:PostLike.js
FNF:0
FNH:0
DA:1,1
DA:2,1
DA:5,1
DA:30,1
LF:4
LH:4
BRF:0
BRH:0
end_of_record
TN:
SF:Reaction.js
FNF:0
FNH:0
DA:1,1
DA:2,1
DA:4,1
DA:35,1
LF:4
LH:4
BRF:0
BRH:0
end_of_record
TN:
SF:Session.js
FNF:0
FNH:0
DA:1,1
DA:2,1
DA:4,1
DA:29,1
LF:4
LH:4
BRF:0
BRH:0
end_of_record
TN:
SF:User.js
FNF:0
FNH:0
DA:1,1
DA:2,1
DA:4,1
DA:46,1
LF:4
LH:4
BRF:0
BRH:0
end_of_record
TN:
SF:app.js
FN:47,(anonymous_0)
FN:56,(anonymous_1)
FN:77,(anonymous_2)
FN:94,(anonymous_3)
FN:104,(anonymous_4)
FN:107,(anonymous_5)
FN:111,(anonymous_6)
FN:121,(anonymous_7)
FN:163,(anonymous_8)
FN:189,(anonymous_9)
FN:199,(anonymous_10)
FN:218,(anonymous_11)
FN:259,(anonymous_12)
FN:286,(anonymous_13)
FN:303,(anonymous_14)
FN:349,(anonymous_15)
FN:378,(anonymous_16)
FN:421,(anonymous_17)
FN:438,(anonymous_18)
FN:464,(anonymous_19)
FN:476,(anonymous_20)
FN:496,(anonymous_21)
FN:507,(anonymous_22)
FN:514,(anonymous_23)
FN:525,(anonymous_24)
FN:534,(anonymous_25)
FN:568,(anonymous_26)
FN:597,(anonymous_27)
FN:610,(anonymous_28)
FN:622,(anonymous_29)
FN:626,(anonymous_30)
FN:636,(anonymous_31)
FN:638,(anonymous_32)
FN:639,(anonymous_33)
FN:655,(anonymous_34)
FN:672,(anonymous_35)
FN:687,(anonymous_36)
FN:700,(anonymous_37)
FN:726,(anonymous_38)
FN:739,(anonymous_39)
FN:742,(anonymous_40)
FN:753,(anonymous_41)
FN:786,(anonymous_42)
FN:799,(anonymous_43)
FNF:44
FNH:41
FNDA:144,(anonymous_0)
FNDA:26,(anonymous_1)
FNDA:75,(anonymous_2)
FNDA:16,(anonymous_3)
FNDA:39,(anonymous_4)
FNDA:5,(anonymous_5)
FNDA:10,(anonymous_6)
FNDA:75,(anonymous_7)
FNDA:67,(anonymous_8)
FNDA:0,(anonymous_9)
FNDA:4,(anonymous_10)
FNDA:40,(anonymous_11)
FNDA:15,(anonymous_12)
FNDA:30,(anonymous_13)
FNDA:11,(anonymous_14)
FNDA:2,(anonymous_15)
FNDA:6,(anonymous_16)
FNDA:6,(anonymous_17)
FNDA:3,(anonymous_18)
FNDA:3,(anonymous_19)
FNDA:0,(anonymous_20)
FNDA:1,(anonymous_21)
FNDA:1,(anonymous_22)
FNDA:1,(anonymous_23)
FNDA:1,(anonymous_24)
FNDA:8,(anonymous_25)
FNDA:7,(anonymous_26)
FNDA:4,(anonymous_27)
FNDA:1,(anonymous_28)
FNDA:7,(anonymous_29)
FNDA:2,(anonymous_30)
FNDA:7,(anonymous_31)
FNDA:7,(anonymous_32)
FNDA:2,(anonymous_33)
FNDA:4,(anonymous_34)
FNDA:5,(anonymous_35)
FNDA:1,(anonymous_36)
FNDA:3,(anonymous_37)
FNDA:2,(anonymous_38)
FNDA:1,(anonymous_39)
FNDA:1,(anonymous_40)
FNDA:3,(anonymous_41)
FNDA:1,(anonymous_42)
FNDA:0,(anonymous_43)
DA:2,1
DA:3,1
DA:4,1
DA:5,1
DA:6,1
DA:7,1
DA:8,1
DA:9,1
DA:10,1
DA:11,1
DA:12,1
DA:14,1
DA:17,1
DA:18,1
DA:20,1
DA:21,1
DA:23,1
DA:24,1
DA:26,1
DA:27,1
DA:29,1
DA:30,1
DA:33,1
DA:34,1
DA:35,1
DA:36,1
DA:39,1
DA:40,1
DA:41,1
DA:42,1
DA:45,1
DA:47,1
DA:49,144
DA:50,144
DA:56,1
DA:57,26
DA:58,26
DA:59,5
DA:60,5
DA:62,21
DA:63,21
DA:64,0
DA:65,0
DA:67,21
DA:68,21
DA:69,0
DA:70,0
DA:72,21
DA:77,1
DA:78,75
DA:81,75
DA:83,75
DA:84,75
DA:85,75
DA:86,2
DA:87,2
DA:89,75
DA:94,1
DA:95,16
DA:96,16
DA:97,16
DA:98,16
DA:99,16
DA:100,16
DA:104,1
DA:105,39
DA:106,39
DA:107,39
DA:111,1
DA:112,10
DA:113,10
DA:114,10
DA:116,0
DA:121,1
DA:122,75
DA:123,75
DA:124,1
DA:126,74
DA:127,0
DA:130,74
DA:131,74
DA:132,0
DA:137,74
DA:138,74
DA:139,3
DA:140,3
DA:141,1
DA:144,71
DA:147,73
DA:148,73
DA:149,73
DA:157,73
DA:159,0
DA:163,1
DA:164,67
DA:165,67
DA:166,0
DA:169,67
DA:170,67
DA:171,0
DA:174,67
DA:175,67
DA:176,0
DA:180,67
DA:181,67
DA:184,67
DA:186,67
DA:189,1
DA:190,0
DA:191,0
DA:192,0
DA:193,0
DA:195,0
DA:196,0
DA:199,1
DA:200,4
DA:201,4
DA:202,4
DA:203,4
DA:204,4
DA:212,2
DA:214,2
DA:218,1
DA:219,40
DA:220,40
DA:222,40
DA:223,1
DA:227,39
DA:228,39
DA:229,0
DA:231,39
DA:234,39
DA:235,39
DA:236,0
DA:238,39
DA:242,39
DA:243,39
DA:252,39
DA:254,0
DA:259,1
DA:260,15
DA:262,15
DA:263,1
DA:267,14
DA:268,14
DA:269,1
DA:271,13
DA:274,13
DA:275,13
DA:276,0
DA:279,13
DA:280,13
DA:281,2
DA:285,11
DA:286,11
DA:287,30
DA:289,11
DA:290,2
DA:293,9
DA:295,9
DA:296,9
DA:298,0
DA:303,1
DA:304,11
DA:306,11
DA:307,1
DA:311,10
DA:312,10
DA:313,1
DA:315,9
DA:318,9
DA:319,9
DA:320,0
DA:323,9
DA:326,9
DA:327,9
DA:328,1
DA:331,8
DA:333,8
DA:335,8
DA:337,2
DA:338,2
DA:342,6
DA:343,6
DA:345,0
DA:349,1
DA:350,2
DA:351,2
DA:353,2
DA:354,1
DA:358,1
DA:359,1
DA:360,0
DA:362,1
DA:365,1
DA:366,1
DA:367,0
DA:369,1
DA:371,1
DA:372,1
DA:374,0
DA:378,1
DA:379,6
DA:381,6
DA:382,1
DA:386,5
DA:387,5
DA:388,1
DA:390,4
DA:393,4
DA:394,4
DA:395,0
DA:397,4
DA:400,4
DA:413,4
DA:415,0
DA:421,1
DA:422,6
DA:423,6
DA:424,6
DA:425,6
DA:426,6
DA:427,6
DA:429,0
DA:438,1
DA:439,3
DA:440,3
DA:442,2
DA:443,2
DA:444,2
DA:445,1
DA:446,1
DA:447,1
DA:449,0
DA:451,1
DA:452,1
DA:453,1
DA:455,1
DA:456,1
DA:458,0
DA:464,1
DA:465,3
DA:466,3
DA:467,3
DA:468,1
DA:471,2
DA:472,2
DA:473,2
DA:475,2
DA:476,2
DA:477,2
DA:479,2
DA:491,0
DA:496,1
DA:497,1
DA:498,1
DA:499,1
DA:500,1
DA:506,1
DA:507,1
DA:509,0
DA:514,1
DA:515,1
DA:516,1
DA:517,1
DA:518,1
DA:524,1
DA:525,1
DA:527,0
DA:534,1
DA:535,8
DA:536,8
DA:538,7
DA:539,7
DA:540,0
DA:542,7
DA:543,1
DA:546,6
DA:547,6
DA:548,0
DA:551,6
DA:552,6
DA:553,6
DA:555,1
DA:556,1
DA:558,5
DA:559,5
DA:561,0
DA:568,1
DA:569,7
DA:570,7
DA:572,6
DA:573,6
DA:574,1
DA:577,5
DA:578,5
DA:579,5
DA:581,1
DA:582,1
DA:584,4
DA:585,4
DA:587,0
DA:597,1
DA:598,4
DA:599,4
DA:600,4
DA:601,2
DA:602,2
DA:605,4
DA:606,4
DA:607,4
DA:608,4
DA:609,2
DA:610,2
DA:613,4
DA:622,4
DA:623,7
DA:624,7
DA:625,7
DA:626,7
DA:627,7
DA:628,7
DA:629,7
DA:630,7
DA:631,7
DA:636,7
DA:637,4
DA:638,7
DA:639,2
DA:641,4
DA:642,4
DA:643,4
DA:645,0
DA:655,1
DA:656,4
DA:657,4
DA:658,1
DA:660,3
DA:661,3
DA:662,3
DA:663,3
DA:665,0
DA:672,1
DA:673,5
DA:674,5
DA:676,4
DA:677,4
DA:678,1
DA:680,3
DA:681,1
DA:684,2
DA:686,2
DA:687,2
DA:688,2
DA:689,1
DA:691,2
DA:692,2
DA:693,2
DA:694,2
DA:696,0
DA:700,1
DA:701,3
DA:702,3
DA:704,2
DA:705,2
DA:706,0
DA:708,2
DA:709,1
DA:712,1
DA:713,1
DA:714,1
DA:715,1
DA:717,0
DA:726,1
DA:727,2
DA:728,2
DA:730,2
DA:731,2
DA:739,2
DA:741,2
DA:742,2
DA:746,2
DA:748,0
DA:753,1
DA:754,3
DA:755,3
DA:756,1
DA:758,2
DA:760,2
DA:761,2
DA:773,2
DA:784,2
DA:786,1
DA:789,0
DA:794,1
DA:797,1
DA:798,0
DA:799,0
DA:800,0
LF:399
LH:350
BRDA:58,0,0,5
BRDA:58,0,1,21
BRDA:63,1,0,0
BRDA:63,1,1,21
BRDA:68,2,0,0
BRDA:68,2,1,21
BRDA:78,3,0,74
BRDA:78,3,1,1
BRDA:78,4,0,1
BRDA:78,4,1,0
BRDA:81,5,0,0
BRDA:81,5,1,75
BRDA:94,6,0,10
BRDA:94,7,0,10
BRDA:97,8,0,12
BRDA:97,8,1,4
BRDA:97,9,0,16
BRDA:97,9,1,4
BRDA:98,10,0,0
BRDA:98,10,1,16
BRDA:99,11,0,13
BRDA:99,11,1,3
BRDA:99,12,0,16
BRDA:99,12,1,3
BRDA:105,13,0,0
BRDA:105,13,1,39
BRDA:106,14,0,39
BRDA:106,14,1,36
BRDA:112,15,0,0
BRDA:112,15,1,10
BRDA:123,16,0,1
BRDA:123,16,1,74
BRDA:123,17,0,75
BRDA:123,17,1,75
BRDA:123,17,2,74
BRDA:126,18,0,0
BRDA:126,18,1,74
BRDA:131,19,0,0
BRDA:131,19,1,74
BRDA:138,20,0,3
BRDA:138,20,1,71
BRDA:140,21,0,1
BRDA:140,21,1,2
BRDA:154,22,0,73
BRDA:154,22,1,73
BRDA:155,23,0,73
BRDA:155,23,1,73
BRDA:165,24,0,0
BRDA:165,24,1,67
BRDA:165,25,0,67
BRDA:165,25,1,67
BRDA:170,26,0,0
BRDA:170,26,1,67
BRDA:175,27,0,0
BRDA:175,27,1,67
BRDA:192,28,0,0
BRDA:192,28,1,0
BRDA:203,29,0,4
BRDA:203,29,1,4
BRDA:209,30,0,4
BRDA:209,30,1,4
BRDA:210,31,0,4
BRDA:210,31,1,4
BRDA:222,32,0,1
BRDA:222,32,1,39
BRDA:228,33,0,0
BRDA:228,33,1,39
BRDA:235,34,0,0
BRDA:235,34,1,39
BRDA:242,35,0,39
BRDA:242,35,1,0
BRDA:242,36,0,39
BRDA:242,36,1,0
BRDA:262,37,0,1
BRDA:262,37,1,14
BRDA:268,38,0,1
BRDA:268,38,1,13
BRDA:275,39,0,0
BRDA:275,39,1,13
BRDA:280,40,0,2
BRDA:280,40,1,11
BRDA:280,41,0,13
BRDA:280,41,1,12
BRDA:289,42,0,2
BRDA:289,42,1,9
BRDA:306,43,0,1
BRDA:306,43,1,10
BRDA:312,44,0,1
BRDA:312,44,1,9
BRDA:319,45,0,0
BRDA:319,45,1,9
BRDA:327,46,0,1
BRDA:327,46,1,8
BRDA:335,47,0,2
BRDA:335,47,1,6
BRDA:353,48,0,1
BRDA:353,48,1,1
BRDA:359,49,0,0
BRDA:359,49,1,1
BRDA:366,50,0,0
BRDA:366,50,1,1
BRDA:381,51,0,1
BRDA:381,51,1,5
BRDA:387,52,0,1
BRDA:387,52,1,4
BRDA:394,53,0,0
BRDA:394,53,1,4
BRDA:440,54,0,1
BRDA:440,54,1,2
BRDA:444,55,0,1
BRDA:444,55,1,1
BRDA:444,56,0,2
BRDA:444,56,1,1
BRDA:446,57,0,1
BRDA:446,57,1,0
BRDA:451,58,0,0
BRDA:451,58,1,1
BRDA:452,59,0,1
BRDA:452,59,1,0
BRDA:453,60,0,1
BRDA:453,60,1,0
BRDA:467,61,0,1
BRDA:467,61,1,2
BRDA:477,62,0,0
BRDA:477,62,1,2
BRDA:536,63,0,1
BRDA:536,63,1,7
BRDA:539,64,0,0
BRDA:539,64,1,7
BRDA:542,65,0,1
BRDA:542,65,1,6
BRDA:547,66,0,0
BRDA:547,66,1,6
BRDA:553,67,0,1
BRDA:553,67,1,5
BRDA:570,68,0,1
BRDA:570,68,1,6
BRDA:573,69,0,1
BRDA:573,69,1,5
BRDA:579,70,0,1
BRDA:579,70,1,4
BRDA:600,71,0,2
BRDA:600,71,1,2
BRDA:602,72,0,2
BRDA:602,72,1,0
BRDA:608,73,0,2
BRDA:608,73,1,2
BRDA:624,74,0,7
BRDA:624,74,1,0
BRDA:625,75,0,7
BRDA:625,75,1,0
BRDA:626,76,0,3
BRDA:626,76,1,4
BRDA:657,77,0,1
BRDA:657,77,1,3
BRDA:674,78,0,1
BRDA:674,78,1,4
BRDA:677,79,0,1
BRDA:677,79,1,3
BRDA:680,80,0,1
BRDA:680,80,1,2
BRDA:688,81,0,1
BRDA:688,81,1,1
BRDA:702,82,0,1
BRDA:702,82,1,2
BRDA:705,83,0,0
BRDA:705,83,1,2
BRDA:708,84,0,1
BRDA:708,84,1,1
BRDA:754,85,0,3
BRDA:754,85,1,1
BRDA:755,86,0,1
BRDA:755,86,1,2
BRDA:797,87,0,0
BRDA:797,87,1,1
BRF:175
BRH:140
end_of_record
TN:
SF:sequelize.js
FNF:0
FNH:0
DA:1,1
DA:3,1
DA:9,1
LF:3
LH:3
BRF:0
BRH:0
end_of_record
